<?xml version="1.0" encoding="UTF-8"?>
<testng-results ignored="0" total="1" passed="1" failed="0" skipped="0">
  <reporter-output>
  </reporter-output>
  <suite started-at="2024-09-30T21:27:22 IST" name="FanCode ToDo Assignment Suite" finished-at="2024-09-30T21:27:27 IST" duration-ms="4538">
    <groups>
    </groups>
    <test started-at="2024-09-30T21:27:22 IST" name="ToDo Task Completion Test" finished-at="2024-09-30T21:27:27 IST" duration-ms="4538">
      <class name="common.fanode.tests.FanCodeTodoTest">
        <test-method is-config="true" signature="FanCodeTodoTest()[pri:0, instance:common.fanode.tests.FanCodeTodoTest@121314f7]" started-at="2024-09-30T21:27:22 IST" name="FanCodeTodoTest" finished-at="2024-09-30T21:27:23 IST" duration-ms="459" status="PASS">
          <reporter-output>
          </reporter-output>
        </test-method> <!-- FanCodeTodoTest -->
        <test-method signature="verifyUserCompletedTasksGreaterThanFiftyPercent()[pri:0, instance:common.fanode.tests.FanCodeTodoTest@121314f7]" started-at="2024-09-30T21:27:23 IST" name="verifyUserCompletedTasksGreaterThanFiftyPercent" finished-at="2024-09-30T21:27:26 IST" duration-ms="3560" status="PASS">
          <reporter-output>
          </reporter-output>
        </test-method> <!-- verifyUserCompletedTasksGreaterThanFiftyPercent -->
        <test-method is-config="true" signature="tearDownClass()[pri:0, instance:common.fanode.tests.FanCodeTodoTest@121314f7]" started-at="2024-09-30T21:27:26 IST" name="tearDownClass" finished-at="2024-09-30T21:27:27 IST" duration-ms="435" status="PASS">
          <reporter-output>
          </reporter-output>
        </test-method> <!-- tearDownClass -->
      </class> <!-- common.fanode.tests.FanCodeTodoTest -->
    </test> <!-- ToDo Task Completion Test -->
  </suite> <!-- FanCode ToDo Assignment Suite -->
</testng-results>
